15:53:00.865 INFO [GridLauncherV3.parse] - Selenium server version: 3.141.59, revision: e82be7d358
15:53:00.914 INFO [GridLauncherV3.lambda$buildLaunchers$3] - Launching a standalone Selenium Server on port 4445
2019-11-19 15:53:00.951:INFO::main: Logging initialized @265ms to org.seleniumhq.jetty9.util.log.StdErrLog
15:53:01.131 INFO [WebDriverServlet.<init>] - Initialising WebDriverServlet
15:53:01.476 INFO [SeleniumServer.boot] - Selenium Server is up and running on port 4445
15:53:01.640 INFO [ActiveSessionFactory.apply] - Capabilities are: {
  "acceptSslCerts": true,
  "browserName": "firefox",
  "javascriptEnabled": true,
  "name": "Smoke\\test Client Phone Number"
}
15:53:01.644 INFO [ActiveSessionFactory.lambda$apply$11] - Matched factory org.openqa.selenium.grid.session.remote.ServicedSession$Factory (provider: org.openqa.selenium.firefox.GeckoDriverService)
1574207582299	mozrunner::runner	INFO	Running command: "C:\\Program Files\\Mozilla Firefox\\firefox.exe" "-marionette" "-foreground" "-no-remote" "-profile" "C:\\Users\\COLT~1.CAR\\AppData\\Local\\Temp\\rust_mozprofile6k5grd"
1574207582654	addons.webextension.screenshots@mozilla.org	WARN	Loading extension 'screenshots@mozilla.org': Reading manifest: Invalid extension permission: mozillaAddons
1574207582654	addons.webextension.screenshots@mozilla.org	WARN	Loading extension 'screenshots@mozilla.org': Reading manifest: Invalid extension permission: telemetry
1574207582654	addons.webextension.screenshots@mozilla.org	WARN	Loading extension 'screenshots@mozilla.org': Reading manifest: Invalid extension permission: resource://pdf.js/
1574207582654	addons.webextension.screenshots@mozilla.org	WARN	Loading extension 'screenshots@mozilla.org': Reading manifest: Invalid extension permission: about:reader*
JavaScript error: resource://gre/modules/XULStore.jsm, line 66: Error: Can't find profile directory.
1574207583893	Marionette	INFO	Listening on port 63947
15:53:03.957 INFO [ProtocolHandshake.createSession] - Detected dialect: W3C
15:53:03.986 INFO [RemoteSession$Factory.lambda$performHandshake$0] - Started new session 0ce084b0-36de-45ca-8b98-ae794cc718c4 (org.openqa.selenium.firefox.GeckoDriverService)
1574207598995	Marionette	INFO	Stopped listening on port 63947
[Child 25596, Chrome_ChildThread] WARNING: pipe error: 109: file z:/task_1568728986/build/src/ipc/chromium/src/chrome/common/ipc_channel_win.cc, line 341
[Child 25596, Chrome_ChildThread] WARNING: pipe error: 109: file z:/task_15687289JavaScript error: , line 0: TypeError: NetworkError when attempting to fetch resource.
[Child 22936, Chrome_ChildThread] WARNING: pipe error: 109: file z:/task_1568728986/build/src/ipc/chromium/src/chrome/common/ipc_channel_win.cc, line 341
[Child 22936, Chrome_ChildThread] WARNING: pipe error: 109: file z:/task_1568728986/build/src/ipc/chromium/src/chrome/common/ipc_channel_win.cc, line 341
[Parent 23168, Gecko_IOThread] WARNING: pipe error: 109: file z:/task_1568728986/build/src/ipc/chromium/src/chrome/common/ipc_channel_win.cc, line 341
[Child 22012, Chrome_ChildThread] WARNING: pipe error: 109: file z:/task_1568728986/build/src/ipc/chromium/src/chrome/common/ipc_channel_win.cc, line 341
[Child 22012, Chrome_Chi[GPU 3288, Chrome_ChildThread] WARNING: pipe error: 109: file z:/t
###!!! [Child][MessageChannel::SendAndWait] Error: Channel error: cannot send/recv

15:53:22.105 INFO [ActiveSessions$1.onStop] - Removing session 0ce084b0-36de-45ca-8b98-ae794cc718c4 (org.openqa.selenium.firefox.GeckoDriverService)
